[0.232s] DEBUG:colcon:Command line arguments: ['/usr/bin/colcon', 'build']
[0.232s] DEBUG:colcon:Parsed command line arguments: Namespace(allow_overriding=[], ament_cmake_args=None, base_paths=['.'], build_base='build', catkin_cmake_args=None, catkin_skip_building_tests=False, cmake_args=None, cmake_clean_cache=False, cmake_clean_first=False, cmake_force_configure=False, cmake_target=None, cmake_target_skip_unavailable=False, continue_on_error=False, event_handlers=None, executor='parallel', ignore_user_meta=False, install_base='install', log_base=None, log_level=None, main=<bound method BuildVerb.main of <colcon_core.verb.build.BuildVerb object at 0x7fbfdd731af0>>, merge_install=False, metas=['./colcon.meta'], packages_above=None, packages_above_and_dependencies=None, packages_above_depth=None, packages_end=None, packages_ignore=None, packages_ignore_regex=None, packages_select=None, packages_select_build_failed=False, packages_select_by_dep=None, packages_select_regex=None, packages_select_test_failures=False, packages_skip=None, packages_skip_build_finished=False, packages_skip_by_dep=None, packages_skip_regex=None, packages_skip_test_passed=False, packages_skip_up_to=None, packages_start=None, packages_up_to=None, packages_up_to_regex=None, parallel_workers=2, paths=None, symlink_install=False, test_result_base=None, verb_extension=<colcon_core.verb.build.BuildVerb object at 0x7fbfdd731af0>, verb_name='build', verb_parser=<colcon_defaults.argument_parser.defaults.DefaultArgumentsDecorator object at 0x7fbfdd73d0a0>)
[0.254s] Level 1:colcon.colcon_core.package_discovery:discover_packages(colcon_meta) check parameters
[0.254s] Level 1:colcon.colcon_core.package_discovery:discover_packages(recursive) check parameters
[0.255s] Level 1:colcon.colcon_core.package_discovery:discover_packages(ignore) check parameters
[0.255s] Level 1:colcon.colcon_core.package_discovery:discover_packages(path) check parameters
[0.255s] Level 1:colcon.colcon_core.package_discovery:discover_packages(colcon_meta) discover
[0.255s] Level 1:colcon.colcon_core.package_discovery:discover_packages(recursive) discover
[0.255s] INFO:colcon.colcon_core.package_discovery:Crawling recursively for packages in '/home/opsctoxic/ros2_ws/src'
[0.255s] Level 1:colcon.colcon_core.package_identification:_identify(.) by extensions ['ignore', 'ignore_ament_install']
[0.256s] Level 1:colcon.colcon_core.package_identification:_identify(.) by extension 'ignore'
[0.256s] Level 1:colcon.colcon_core.package_identification:_identify(.) by extension 'ignore_ament_install'
[0.256s] Level 1:colcon.colcon_core.package_identification:_identify(.) by extensions ['colcon_pkg']
[0.256s] Level 1:colcon.colcon_core.package_identification:_identify(.) by extension 'colcon_pkg'
[0.256s] Level 1:colcon.colcon_core.package_identification:_identify(.) by extensions ['colcon_meta']
[0.256s] Level 1:colcon.colcon_core.package_identification:_identify(.) by extension 'colcon_meta'
[0.256s] Level 1:colcon.colcon_core.package_identification:_identify(.) by extensions ['ros']
[0.257s] Level 1:colcon.colcon_core.package_identification:_identify(.) by extension 'ros'
[0.277s] Level 1:colcon.colcon_core.package_identification:_identify(.) by extensions ['cmake', 'python']
[0.278s] Level 1:colcon.colcon_core.package_identification:_identify(.) by extension 'cmake'
[0.278s] Level 1:colcon.colcon_core.package_identification:_identify(.) by extension 'python'
[0.278s] Level 1:colcon.colcon_core.package_identification:_identify(.) by extensions ['python_setup_py']
[0.278s] Level 1:colcon.colcon_core.package_identification:_identify(.) by extension 'python_setup_py'
[0.278s] Level 1:colcon.colcon_core.package_identification:_identify(build) by extensions ['ignore', 'ignore_ament_install']
[0.279s] Level 1:colcon.colcon_core.package_identification:_identify(build) by extension 'ignore'
[0.279s] Level 1:colcon.colcon_core.package_identification:_identify(build) ignored
[0.279s] Level 1:colcon.colcon_core.package_identification:_identify(install) by extensions ['ignore', 'ignore_ament_install']
[0.279s] Level 1:colcon.colcon_core.package_identification:_identify(install) by extension 'ignore'
[0.279s] Level 1:colcon.colcon_core.package_identification:_identify(install) ignored
[0.280s] Level 1:colcon.colcon_core.package_identification:_identify(log) by extensions ['ignore', 'ignore_ament_install']
[0.280s] Level 1:colcon.colcon_core.package_identification:_identify(log) by extension 'ignore'
[0.280s] Level 1:colcon.colcon_core.package_identification:_identify(log) ignored
[0.280s] Level 1:colcon.colcon_core.package_identification:_identify(my_robot_controller) by extensions ['ignore', 'ignore_ament_install']
[0.280s] Level 1:colcon.colcon_core.package_identification:_identify(my_robot_controller) by extension 'ignore'
[0.281s] Level 1:colcon.colcon_core.package_identification:_identify(my_robot_controller) by extension 'ignore_ament_install'
[0.281s] Level 1:colcon.colcon_core.package_identification:_identify(my_robot_controller) by extensions ['colcon_pkg']
[0.281s] Level 1:colcon.colcon_core.package_identification:_identify(my_robot_controller) by extension 'colcon_pkg'
[0.281s] Level 1:colcon.colcon_core.package_identification:_identify(my_robot_controller) by extensions ['colcon_meta']
[0.281s] Level 1:colcon.colcon_core.package_identification:_identify(my_robot_controller) by extension 'colcon_meta'
[0.281s] Level 1:colcon.colcon_core.package_identification:_identify(my_robot_controller) by extensions ['ros']
[0.282s] Level 1:colcon.colcon_core.package_identification:_identify(my_robot_controller) by extension 'ros'
[0.284s] DEBUG:colcon.colcon_core.package_identification:Package 'my_robot_controller' with type 'ros.ament_python' and name 'my_robot_controller'
[0.285s] Level 1:colcon.colcon_core.package_discovery:discover_packages(recursive) using defaults
[0.285s] Level 1:colcon.colcon_core.package_discovery:discover_packages(ignore) discover
[0.285s] Level 1:colcon.colcon_core.package_discovery:discover_packages(ignore) using defaults
[0.285s] Level 1:colcon.colcon_core.package_discovery:discover_packages(path) discover
[0.285s] Level 1:colcon.colcon_core.package_discovery:discover_packages(path) using defaults
[0.301s] Level 1:colcon.colcon_core.package_discovery:discover_packages(prefix_path) check parameters
[0.302s] Level 1:colcon.colcon_core.package_discovery:discover_packages(prefix_path) discover
[0.305s] DEBUG:colcon.colcon_installed_package_information.package_discovery:Found 1 installed packages in /home/opsctoxic/ros2_ws/install
[0.306s] DEBUG:colcon.colcon_installed_package_information.package_discovery:Found 256 installed packages in /opt/ros/foxy
[0.307s] Level 1:colcon.colcon_core.package_discovery:discover_packages(prefix_path) using defaults
[0.359s] Level 5:colcon.colcon_core.verb:set package 'my_robot_controller' build argument 'cmake_args' from command line to 'None'
[0.359s] Level 5:colcon.colcon_core.verb:set package 'my_robot_controller' build argument 'cmake_target' from command line to 'None'
[0.360s] Level 5:colcon.colcon_core.verb:set package 'my_robot_controller' build argument 'cmake_target_skip_unavailable' from command line to 'False'
[0.360s] Level 5:colcon.colcon_core.verb:set package 'my_robot_controller' build argument 'cmake_clean_cache' from command line to 'False'
[0.360s] Level 5:colcon.colcon_core.verb:set package 'my_robot_controller' build argument 'cmake_clean_first' from command line to 'False'
[0.360s] Level 5:colcon.colcon_core.verb:set package 'my_robot_controller' build argument 'cmake_force_configure' from command line to 'False'
[0.360s] Level 5:colcon.colcon_core.verb:set package 'my_robot_controller' build argument 'ament_cmake_args' from command line to 'None'
[0.360s] Level 5:colcon.colcon_core.verb:set package 'my_robot_controller' build argument 'catkin_cmake_args' from command line to 'None'
[0.361s] Level 5:colcon.colcon_core.verb:set package 'my_robot_controller' build argument 'catkin_skip_building_tests' from command line to 'False'
[0.361s] DEBUG:colcon.colcon_core.verb:Building package 'my_robot_controller' with the following arguments: {'ament_cmake_args': None, 'build_base': '/home/opsctoxic/ros2_ws/src/build/my_robot_controller', 'catkin_cmake_args': None, 'catkin_skip_building_tests': False, 'cmake_args': None, 'cmake_clean_cache': False, 'cmake_clean_first': False, 'cmake_force_configure': False, 'cmake_target': None, 'cmake_target_skip_unavailable': False, 'install_base': '/home/opsctoxic/ros2_ws/src/install/my_robot_controller', 'merge_install': False, 'path': '/home/opsctoxic/ros2_ws/src/my_robot_controller', 'symlink_install': False, 'test_result_base': None}
[0.362s] INFO:colcon.colcon_core.executor:Executing jobs using 'parallel' executor
[0.365s] DEBUG:colcon.colcon_parallel_executor.executor.parallel:run_until_complete
[0.366s] INFO:colcon.colcon_ros.task.ament_python.build:Building ROS package in '/home/opsctoxic/ros2_ws/src/my_robot_controller' with build type 'ament_python'
[0.367s] Level 1:colcon.colcon_core.shell:create_environment_hook('my_robot_controller', 'ament_prefix_path')
[0.371s] INFO:colcon.colcon_core.plugin_system:Skipping extension 'colcon_core.shell.bat': Not used on non-Windows systems
[0.371s] INFO:colcon.colcon_core.shell:Creating environment hook '/home/opsctoxic/ros2_ws/src/install/my_robot_controller/share/my_robot_controller/hook/ament_prefix_path.ps1'
[0.372s] INFO:colcon.colcon_core.shell:Creating environment descriptor '/home/opsctoxic/ros2_ws/src/install/my_robot_controller/share/my_robot_controller/hook/ament_prefix_path.dsv'
[0.373s] INFO:colcon.colcon_core.shell:Creating environment hook '/home/opsctoxic/ros2_ws/src/install/my_robot_controller/share/my_robot_controller/hook/ament_prefix_path.sh'
[0.374s] INFO:colcon.colcon_core.shell:Skip shell extension 'powershell' for command environment: Not usable outside of PowerShell
[0.374s] DEBUG:colcon.colcon_core.shell:Skip shell extension 'dsv' for command environment
[0.577s] INFO:colcon.colcon_core.task.python.build:Building Python package in '/home/opsctoxic/ros2_ws/src/my_robot_controller'
[0.579s] INFO:colcon.colcon_core.shell:Skip shell extension 'powershell' for command environment: Not usable outside of PowerShell
[0.579s] DEBUG:colcon.colcon_core.shell:Skip shell extension 'dsv' for command environment
[0.891s] DEBUG:colcon.colcon_core.event_handler.log_command:Invoking command in '/home/opsctoxic/ros2_ws/src/my_robot_controller': PYTHONPATH=/home/opsctoxic/ros2_ws/src/build/my_robot_controller/prefix_override:/home/opsctoxic/ros2_ws/src/install/my_robot_controller/lib/python3.8/site-packages:${PYTHONPATH} /usr/bin/python3 setup.py egg_info --egg-base ../build/my_robot_controller build --build-base /home/opsctoxic/ros2_ws/src/build/my_robot_controller/build install --record /home/opsctoxic/ros2_ws/src/build/my_robot_controller/install.log --install-scripts $base/lib/my_robot_controller --single-version-externally-managed
[1.144s] DEBUG:colcon.colcon_core.event_handler.log_command:Invoked command in '/home/opsctoxic/ros2_ws/src/my_robot_controller' returned '0': PYTHONPATH=/home/opsctoxic/ros2_ws/src/build/my_robot_controller/prefix_override:/home/opsctoxic/ros2_ws/src/install/my_robot_controller/lib/python3.8/site-packages:${PYTHONPATH} /usr/bin/python3 setup.py egg_info --egg-base ../build/my_robot_controller build --build-base /home/opsctoxic/ros2_ws/src/build/my_robot_controller/build install --record /home/opsctoxic/ros2_ws/src/build/my_robot_controller/install.log --install-scripts $base/lib/my_robot_controller --single-version-externally-managed
[1.147s] Level 1:colcon.colcon_core.environment:checking '/home/opsctoxic/ros2_ws/src/install/my_robot_controller' for CMake module files
[1.147s] Level 1:colcon.colcon_core.environment:checking '/home/opsctoxic/ros2_ws/src/install/my_robot_controller' for CMake config files
[1.148s] Level 1:colcon.colcon_core.environment:checking '/home/opsctoxic/ros2_ws/src/install/my_robot_controller/lib'
[1.148s] Level 1:colcon.colcon_core.environment:checking '/home/opsctoxic/ros2_ws/src/install/my_robot_controller/bin'
[1.148s] Level 1:colcon.colcon_core.environment:checking '/home/opsctoxic/ros2_ws/src/install/my_robot_controller/lib/pkgconfig/my_robot_controller.pc'
[1.149s] Level 1:colcon.colcon_core.environment:checking '/home/opsctoxic/ros2_ws/src/install/my_robot_controller/lib/python3.8/site-packages'
[1.149s] Level 1:colcon.colcon_core.shell:create_environment_hook('my_robot_controller', 'pythonpath')
[1.150s] INFO:colcon.colcon_core.shell:Creating environment hook '/home/opsctoxic/ros2_ws/src/install/my_robot_controller/share/my_robot_controller/hook/pythonpath.ps1'
[1.151s] INFO:colcon.colcon_core.shell:Creating environment descriptor '/home/opsctoxic/ros2_ws/src/install/my_robot_controller/share/my_robot_controller/hook/pythonpath.dsv'
[1.151s] INFO:colcon.colcon_core.shell:Creating environment hook '/home/opsctoxic/ros2_ws/src/install/my_robot_controller/share/my_robot_controller/hook/pythonpath.sh'
[1.152s] Level 1:colcon.colcon_core.environment:checking '/home/opsctoxic/ros2_ws/src/install/my_robot_controller/bin'
[1.152s] Level 1:colcon.colcon_core.environment:create_environment_scripts_only(my_robot_controller)
[1.153s] INFO:colcon.colcon_core.shell:Creating package script '/home/opsctoxic/ros2_ws/src/install/my_robot_controller/share/my_robot_controller/package.ps1'
[1.154s] INFO:colcon.colcon_core.shell:Creating package descriptor '/home/opsctoxic/ros2_ws/src/install/my_robot_controller/share/my_robot_controller/package.dsv'
[1.154s] INFO:colcon.colcon_core.shell:Creating package script '/home/opsctoxic/ros2_ws/src/install/my_robot_controller/share/my_robot_controller/package.sh'
[1.155s] INFO:colcon.colcon_core.shell:Creating package script '/home/opsctoxic/ros2_ws/src/install/my_robot_controller/share/my_robot_controller/package.bash'
[1.156s] INFO:colcon.colcon_core.shell:Creating package script '/home/opsctoxic/ros2_ws/src/install/my_robot_controller/share/my_robot_controller/package.zsh'
[1.157s] Level 1:colcon.colcon_core.environment:create_file_with_runtime_dependencies(/home/opsctoxic/ros2_ws/src/install/my_robot_controller/share/colcon-core/packages/my_robot_controller)
[1.157s] DEBUG:colcon.colcon_parallel_executor.executor.parallel:closing loop
[1.158s] DEBUG:colcon.colcon_parallel_executor.executor.parallel:loop closed
[1.158s] DEBUG:colcon.colcon_parallel_executor.executor.parallel:run_until_complete finished with '0'
[1.158s] DEBUG:colcon.colcon_core.event_reactor:joining thread
[1.164s] INFO:colcon.colcon_core.plugin_system:Skipping extension 'colcon_notification.desktop_notification.terminal_notifier': Not used on non-Darwin systems
[1.164s] INFO:colcon.colcon_core.plugin_system:Skipping extension 'colcon_notification.desktop_notification.win32': Not used on non-Windows systems
[1.164s] INFO:colcon.colcon_notification.desktop_notification:Sending desktop notification using 'notify2'
[1.179s] DEBUG:colcon.colcon_core.event_reactor:joined thread
[1.180s] INFO:colcon.colcon_core.shell:Creating prefix script '/home/opsctoxic/ros2_ws/src/install/local_setup.ps1'
[1.182s] INFO:colcon.colcon_core.shell:Creating prefix util module '/home/opsctoxic/ros2_ws/src/install/_local_setup_util_ps1.py'
[1.183s] INFO:colcon.colcon_core.shell:Creating prefix chain script '/home/opsctoxic/ros2_ws/src/install/setup.ps1'
[1.185s] INFO:colcon.colcon_core.shell:Creating prefix script '/home/opsctoxic/ros2_ws/src/install/local_setup.sh'
[1.186s] INFO:colcon.colcon_core.shell:Creating prefix util module '/home/opsctoxic/ros2_ws/src/install/_local_setup_util_sh.py'
[1.186s] INFO:colcon.colcon_core.shell:Creating prefix chain script '/home/opsctoxic/ros2_ws/src/install/setup.sh'
[1.188s] INFO:colcon.colcon_core.shell:Creating prefix script '/home/opsctoxic/ros2_ws/src/install/local_setup.bash'
[1.188s] INFO:colcon.colcon_core.shell:Creating prefix chain script '/home/opsctoxic/ros2_ws/src/install/setup.bash'
[1.190s] INFO:colcon.colcon_core.shell:Creating prefix script '/home/opsctoxic/ros2_ws/src/install/local_setup.zsh'
[1.191s] INFO:colcon.colcon_core.shell:Creating prefix chain script '/home/opsctoxic/ros2_ws/src/install/setup.zsh'
