[0.221s] DEBUG:colcon:Command line arguments: ['/usr/bin/colcon', 'build', '--symlink-install']
[0.221s] DEBUG:colcon:Parsed command line arguments: Namespace(allow_overriding=[], ament_cmake_args=None, base_paths=['.'], build_base='build', catkin_cmake_args=None, catkin_skip_building_tests=False, cmake_args=None, cmake_clean_cache=False, cmake_clean_first=False, cmake_force_configure=False, cmake_target=None, cmake_target_skip_unavailable=False, continue_on_error=False, event_handlers=None, executor='parallel', ignore_user_meta=False, install_base='install', log_base=None, log_level=None, main=<bound method BuildVerb.main of <colcon_core.verb.build.BuildVerb object at 0x7fe051a343a0>>, merge_install=False, metas=['./colcon.meta'], packages_above=None, packages_above_and_dependencies=None, packages_above_depth=None, packages_end=None, packages_ignore=None, packages_ignore_regex=None, packages_select=None, packages_select_build_failed=False, packages_select_by_dep=None, packages_select_regex=None, packages_select_test_failures=False, packages_skip=None, packages_skip_build_finished=False, packages_skip_by_dep=None, packages_skip_regex=None, packages_skip_test_passed=False, packages_skip_up_to=None, packages_start=None, packages_up_to=None, packages_up_to_regex=None, parallel_workers=2, paths=None, symlink_install=True, test_result_base=None, verb_extension=<colcon_core.verb.build.BuildVerb object at 0x7fe051a343a0>, verb_name='build', verb_parser=<colcon_defaults.argument_parser.defaults.DefaultArgumentsDecorator object at 0x7fe051a348e0>)
[0.246s] Level 1:colcon.colcon_core.package_discovery:discover_packages(colcon_meta) check parameters
[0.247s] Level 1:colcon.colcon_core.package_discovery:discover_packages(recursive) check parameters
[0.247s] Level 1:colcon.colcon_core.package_discovery:discover_packages(ignore) check parameters
[0.247s] Level 1:colcon.colcon_core.package_discovery:discover_packages(path) check parameters
[0.247s] Level 1:colcon.colcon_core.package_discovery:discover_packages(colcon_meta) discover
[0.247s] Level 1:colcon.colcon_core.package_discovery:discover_packages(recursive) discover
[0.247s] INFO:colcon.colcon_core.package_discovery:Crawling recursively for packages in '/home/opsctoxic/ros2_ws/src'
[0.247s] Level 1:colcon.colcon_core.package_identification:_identify(.) by extensions ['ignore', 'ignore_ament_install']
[0.247s] Level 1:colcon.colcon_core.package_identification:_identify(.) by extension 'ignore'
[0.247s] Level 1:colcon.colcon_core.package_identification:_identify(.) by extension 'ignore_ament_install'
[0.247s] Level 1:colcon.colcon_core.package_identification:_identify(.) by extensions ['colcon_pkg']
[0.247s] Level 1:colcon.colcon_core.package_identification:_identify(.) by extension 'colcon_pkg'
[0.247s] Level 1:colcon.colcon_core.package_identification:_identify(.) by extensions ['colcon_meta']
[0.247s] Level 1:colcon.colcon_core.package_identification:_identify(.) by extension 'colcon_meta'
[0.247s] Level 1:colcon.colcon_core.package_identification:_identify(.) by extensions ['ros']
[0.247s] Level 1:colcon.colcon_core.package_identification:_identify(.) by extension 'ros'
[0.264s] Level 1:colcon.colcon_core.package_identification:_identify(.) by extensions ['cmake', 'python']
[0.264s] Level 1:colcon.colcon_core.package_identification:_identify(.) by extension 'cmake'
[0.264s] Level 1:colcon.colcon_core.package_identification:_identify(.) by extension 'python'
[0.264s] Level 1:colcon.colcon_core.package_identification:_identify(.) by extensions ['python_setup_py']
[0.264s] Level 1:colcon.colcon_core.package_identification:_identify(.) by extension 'python_setup_py'
[0.265s] Level 1:colcon.colcon_core.package_identification:_identify(build) by extensions ['ignore', 'ignore_ament_install']
[0.265s] Level 1:colcon.colcon_core.package_identification:_identify(build) by extension 'ignore'
[0.265s] Level 1:colcon.colcon_core.package_identification:_identify(build) ignored
[0.265s] Level 1:colcon.colcon_core.package_identification:_identify(install) by extensions ['ignore', 'ignore_ament_install']
[0.265s] Level 1:colcon.colcon_core.package_identification:_identify(install) by extension 'ignore'
[0.265s] Level 1:colcon.colcon_core.package_identification:_identify(install) ignored
[0.265s] Level 1:colcon.colcon_core.package_identification:_identify(log) by extensions ['ignore', 'ignore_ament_install']
[0.265s] Level 1:colcon.colcon_core.package_identification:_identify(log) by extension 'ignore'
[0.266s] Level 1:colcon.colcon_core.package_identification:_identify(log) ignored
[0.266s] Level 1:colcon.colcon_core.package_identification:_identify(my_robot_controller) by extensions ['ignore', 'ignore_ament_install']
[0.266s] Level 1:colcon.colcon_core.package_identification:_identify(my_robot_controller) by extension 'ignore'
[0.266s] Level 1:colcon.colcon_core.package_identification:_identify(my_robot_controller) by extension 'ignore_ament_install'
[0.266s] Level 1:colcon.colcon_core.package_identification:_identify(my_robot_controller) by extensions ['colcon_pkg']
[0.266s] Level 1:colcon.colcon_core.package_identification:_identify(my_robot_controller) by extension 'colcon_pkg'
[0.266s] Level 1:colcon.colcon_core.package_identification:_identify(my_robot_controller) by extensions ['colcon_meta']
[0.266s] Level 1:colcon.colcon_core.package_identification:_identify(my_robot_controller) by extension 'colcon_meta'
[0.266s] Level 1:colcon.colcon_core.package_identification:_identify(my_robot_controller) by extensions ['ros']
[0.266s] Level 1:colcon.colcon_core.package_identification:_identify(my_robot_controller) by extension 'ros'
[0.269s] DEBUG:colcon.colcon_core.package_identification:Package 'my_robot_controller' with type 'ros.ament_python' and name 'my_robot_controller'
[0.269s] Level 1:colcon.colcon_core.package_discovery:discover_packages(recursive) using defaults
[0.269s] Level 1:colcon.colcon_core.package_discovery:discover_packages(ignore) discover
[0.269s] Level 1:colcon.colcon_core.package_discovery:discover_packages(ignore) using defaults
[0.269s] Level 1:colcon.colcon_core.package_discovery:discover_packages(path) discover
[0.269s] Level 1:colcon.colcon_core.package_discovery:discover_packages(path) using defaults
[0.287s] Level 1:colcon.colcon_core.package_discovery:discover_packages(prefix_path) check parameters
[0.287s] Level 1:colcon.colcon_core.package_discovery:discover_packages(prefix_path) discover
[0.289s] DEBUG:colcon.colcon_installed_package_information.package_discovery:Found 1 installed packages in /home/opsctoxic/ros2_ws/install
[0.290s] DEBUG:colcon.colcon_installed_package_information.package_discovery:Found 256 installed packages in /opt/ros/foxy
[0.291s] Level 1:colcon.colcon_core.package_discovery:discover_packages(prefix_path) using defaults
[0.351s] Level 5:colcon.colcon_core.verb:set package 'my_robot_controller' build argument 'cmake_args' from command line to 'None'
[0.351s] Level 5:colcon.colcon_core.verb:set package 'my_robot_controller' build argument 'cmake_target' from command line to 'None'
[0.351s] Level 5:colcon.colcon_core.verb:set package 'my_robot_controller' build argument 'cmake_target_skip_unavailable' from command line to 'False'
[0.351s] Level 5:colcon.colcon_core.verb:set package 'my_robot_controller' build argument 'cmake_clean_cache' from command line to 'False'
[0.351s] Level 5:colcon.colcon_core.verb:set package 'my_robot_controller' build argument 'cmake_clean_first' from command line to 'False'
[0.351s] Level 5:colcon.colcon_core.verb:set package 'my_robot_controller' build argument 'cmake_force_configure' from command line to 'False'
[0.351s] Level 5:colcon.colcon_core.verb:set package 'my_robot_controller' build argument 'ament_cmake_args' from command line to 'None'
[0.351s] Level 5:colcon.colcon_core.verb:set package 'my_robot_controller' build argument 'catkin_cmake_args' from command line to 'None'
[0.351s] Level 5:colcon.colcon_core.verb:set package 'my_robot_controller' build argument 'catkin_skip_building_tests' from command line to 'False'
[0.352s] DEBUG:colcon.colcon_core.verb:Building package 'my_robot_controller' with the following arguments: {'ament_cmake_args': None, 'build_base': '/home/opsctoxic/ros2_ws/src/build/my_robot_controller', 'catkin_cmake_args': None, 'catkin_skip_building_tests': False, 'cmake_args': None, 'cmake_clean_cache': False, 'cmake_clean_first': False, 'cmake_force_configure': False, 'cmake_target': None, 'cmake_target_skip_unavailable': False, 'install_base': '/home/opsctoxic/ros2_ws/src/install/my_robot_controller', 'merge_install': False, 'path': '/home/opsctoxic/ros2_ws/src/my_robot_controller', 'symlink_install': True, 'test_result_base': None}
[0.352s] INFO:colcon.colcon_core.executor:Executing jobs using 'parallel' executor
[0.356s] DEBUG:colcon.colcon_parallel_executor.executor.parallel:run_until_complete
[0.356s] INFO:colcon.colcon_ros.task.ament_python.build:Building ROS package in '/home/opsctoxic/ros2_ws/src/my_robot_controller' with build type 'ament_python'
[0.357s] Level 1:colcon.colcon_core.shell:create_environment_hook('my_robot_controller', 'ament_prefix_path')
[0.360s] INFO:colcon.colcon_core.plugin_system:Skipping extension 'colcon_core.shell.bat': Not used on non-Windows systems
[0.361s] INFO:colcon.colcon_core.shell:Creating environment hook '/home/opsctoxic/ros2_ws/src/install/my_robot_controller/share/my_robot_controller/hook/ament_prefix_path.ps1'
[0.362s] INFO:colcon.colcon_core.shell:Creating environment descriptor '/home/opsctoxic/ros2_ws/src/install/my_robot_controller/share/my_robot_controller/hook/ament_prefix_path.dsv'
[0.363s] INFO:colcon.colcon_core.shell:Creating environment hook '/home/opsctoxic/ros2_ws/src/install/my_robot_controller/share/my_robot_controller/hook/ament_prefix_path.sh'
[0.365s] INFO:colcon.colcon_core.shell:Skip shell extension 'powershell' for command environment: Not usable outside of PowerShell
[0.365s] DEBUG:colcon.colcon_core.shell:Skip shell extension 'dsv' for command environment
[0.560s] INFO:colcon.colcon_core.task.python.build:Building Python package in '/home/opsctoxic/ros2_ws/src/my_robot_controller'
[0.562s] INFO:colcon.colcon_core.shell:Skip shell extension 'powershell' for command environment: Not usable outside of PowerShell
[0.563s] DEBUG:colcon.colcon_core.shell:Skip shell extension 'dsv' for command environment
[0.891s] DEBUG:colcon.colcon_core.task.python.build:While undoing a previous installation files outside the Python library path are being ignored: /home/opsctoxic/ros2_ws/src/install/my_robot_controller/share/ament_index/resource_index/packages/my_robot_controller
[0.891s] DEBUG:colcon.colcon_core.task.python.build:While undoing a previous installation files outside the Python library path are being ignored: /home/opsctoxic/ros2_ws/src/install/my_robot_controller/share/my_robot_controller/package.xml
[0.891s] DEBUG:colcon.colcon_core.task.python.build:While undoing a previous installation files outside the Python library path are being ignored: /home/opsctoxic/ros2_ws/src/install/my_robot_controller/lib/my_robot_controller/test_node
[0.892s] DEBUG:colcon.colcon_core.event_handler.log_command:Invoking command in '/home/opsctoxic/ros2_ws/src/build/my_robot_controller': PYTHONPATH=/home/opsctoxic/ros2_ws/src/build/my_robot_controller/prefix_override:/home/opsctoxic/ros2_ws/src/install/my_robot_controller/lib/python3.8/site-packages:${PYTHONPATH} /usr/bin/python3 setup.py develop --editable --build-directory /home/opsctoxic/ros2_ws/src/build/my_robot_controller/build --no-deps install_data
[1.286s] Level 1:colcon.colcon_core.shell:create_environment_hook('my_robot_controller', 'pythonpath_develop')
[1.288s] INFO:colcon.colcon_core.shell:Creating environment hook '/home/opsctoxic/ros2_ws/src/build/my_robot_controller/share/my_robot_controller/hook/pythonpath_develop.ps1'
[1.289s] INFO:colcon.colcon_core.shell:Creating environment descriptor '/home/opsctoxic/ros2_ws/src/build/my_robot_controller/share/my_robot_controller/hook/pythonpath_develop.dsv'
[1.289s] INFO:colcon.colcon_core.shell:Creating environment hook '/home/opsctoxic/ros2_ws/src/build/my_robot_controller/share/my_robot_controller/hook/pythonpath_develop.sh'
[1.293s] DEBUG:colcon.colcon_core.event_handler.log_command:Invoked command in '/home/opsctoxic/ros2_ws/src/build/my_robot_controller' returned '0': PYTHONPATH=/home/opsctoxic/ros2_ws/src/build/my_robot_controller/prefix_override:/home/opsctoxic/ros2_ws/src/install/my_robot_controller/lib/python3.8/site-packages:${PYTHONPATH} /usr/bin/python3 setup.py develop --editable --build-directory /home/opsctoxic/ros2_ws/src/build/my_robot_controller/build --no-deps install_data
[1.296s] Level 1:colcon.colcon_core.environment:checking '/home/opsctoxic/ros2_ws/src/install/my_robot_controller' for CMake module files
[1.296s] Level 1:colcon.colcon_core.environment:checking '/home/opsctoxic/ros2_ws/src/install/my_robot_controller' for CMake config files
[1.297s] Level 1:colcon.colcon_core.environment:checking '/home/opsctoxic/ros2_ws/src/install/my_robot_controller/lib'
[1.297s] Level 1:colcon.colcon_core.environment:checking '/home/opsctoxic/ros2_ws/src/install/my_robot_controller/bin'
[1.297s] Level 1:colcon.colcon_core.environment:checking '/home/opsctoxic/ros2_ws/src/install/my_robot_controller/lib/pkgconfig/my_robot_controller.pc'
[1.298s] Level 1:colcon.colcon_core.environment:checking '/home/opsctoxic/ros2_ws/src/install/my_robot_controller/lib/python3.8/site-packages'
[1.298s] Level 1:colcon.colcon_core.shell:create_environment_hook('my_robot_controller', 'pythonpath')
[1.299s] INFO:colcon.colcon_core.shell:Creating environment hook '/home/opsctoxic/ros2_ws/src/install/my_robot_controller/share/my_robot_controller/hook/pythonpath.ps1'
[1.299s] INFO:colcon.colcon_core.shell:Creating environment descriptor '/home/opsctoxic/ros2_ws/src/install/my_robot_controller/share/my_robot_controller/hook/pythonpath.dsv'
[1.300s] INFO:colcon.colcon_core.shell:Creating environment hook '/home/opsctoxic/ros2_ws/src/install/my_robot_controller/share/my_robot_controller/hook/pythonpath.sh'
[1.300s] Level 1:colcon.colcon_core.environment:checking '/home/opsctoxic/ros2_ws/src/install/my_robot_controller/bin'
[1.301s] Level 1:colcon.colcon_core.environment:create_environment_scripts_only(my_robot_controller)
[1.302s] INFO:colcon.colcon_core.shell:Creating package script '/home/opsctoxic/ros2_ws/src/install/my_robot_controller/share/my_robot_controller/package.ps1'
[1.303s] INFO:colcon.colcon_core.shell:Creating package descriptor '/home/opsctoxic/ros2_ws/src/install/my_robot_controller/share/my_robot_controller/package.dsv'
[1.303s] INFO:colcon.colcon_core.shell:Creating package script '/home/opsctoxic/ros2_ws/src/install/my_robot_controller/share/my_robot_controller/package.sh'
[1.304s] INFO:colcon.colcon_core.shell:Creating package script '/home/opsctoxic/ros2_ws/src/install/my_robot_controller/share/my_robot_controller/package.bash'
[1.305s] INFO:colcon.colcon_core.shell:Creating package script '/home/opsctoxic/ros2_ws/src/install/my_robot_controller/share/my_robot_controller/package.zsh'
[1.306s] Level 1:colcon.colcon_core.environment:create_file_with_runtime_dependencies(/home/opsctoxic/ros2_ws/src/install/my_robot_controller/share/colcon-core/packages/my_robot_controller)
[1.307s] DEBUG:colcon.colcon_parallel_executor.executor.parallel:closing loop
[1.307s] DEBUG:colcon.colcon_parallel_executor.executor.parallel:loop closed
[1.307s] DEBUG:colcon.colcon_parallel_executor.executor.parallel:run_until_complete finished with '0'
[1.307s] DEBUG:colcon.colcon_core.event_reactor:joining thread
[1.314s] INFO:colcon.colcon_core.plugin_system:Skipping extension 'colcon_notification.desktop_notification.terminal_notifier': Not used on non-Darwin systems
[1.314s] INFO:colcon.colcon_core.plugin_system:Skipping extension 'colcon_notification.desktop_notification.win32': Not used on non-Windows systems
[1.315s] INFO:colcon.colcon_notification.desktop_notification:Sending desktop notification using 'notify2'
[1.336s] DEBUG:colcon.colcon_core.event_reactor:joined thread
[1.339s] INFO:colcon.colcon_core.shell:Creating prefix script '/home/opsctoxic/ros2_ws/src/install/local_setup.ps1'
[1.340s] INFO:colcon.colcon_core.shell:Creating prefix util module '/home/opsctoxic/ros2_ws/src/install/_local_setup_util_ps1.py'
[1.344s] INFO:colcon.colcon_core.shell:Creating prefix chain script '/home/opsctoxic/ros2_ws/src/install/setup.ps1'
[1.347s] INFO:colcon.colcon_core.shell:Creating prefix script '/home/opsctoxic/ros2_ws/src/install/local_setup.sh'
[1.348s] INFO:colcon.colcon_core.shell:Creating prefix util module '/home/opsctoxic/ros2_ws/src/install/_local_setup_util_sh.py'
[1.349s] INFO:colcon.colcon_core.shell:Creating prefix chain script '/home/opsctoxic/ros2_ws/src/install/setup.sh'
[1.350s] INFO:colcon.colcon_core.shell:Creating prefix script '/home/opsctoxic/ros2_ws/src/install/local_setup.bash'
[1.351s] INFO:colcon.colcon_core.shell:Creating prefix chain script '/home/opsctoxic/ros2_ws/src/install/setup.bash'
[1.353s] INFO:colcon.colcon_core.shell:Creating prefix script '/home/opsctoxic/ros2_ws/src/install/local_setup.zsh'
[1.353s] INFO:colcon.colcon_core.shell:Creating prefix chain script '/home/opsctoxic/ros2_ws/src/install/setup.zsh'
