[0.227s] DEBUG:colcon:Command line arguments: ['/usr/bin/colcon', 'build', '--symlink-install']
[0.227s] DEBUG:colcon:Parsed command line arguments: Namespace(allow_overriding=[], ament_cmake_args=None, base_paths=['.'], build_base='build', catkin_cmake_args=None, catkin_skip_building_tests=False, cmake_args=None, cmake_clean_cache=False, cmake_clean_first=False, cmake_force_configure=False, cmake_target=None, cmake_target_skip_unavailable=False, continue_on_error=False, event_handlers=None, executor='parallel', ignore_user_meta=False, install_base='install', log_base=None, log_level=None, main=<bound method BuildVerb.main of <colcon_core.verb.build.BuildVerb object at 0x7f7fccd4ed30>>, merge_install=False, metas=['./colcon.meta'], packages_above=None, packages_above_and_dependencies=None, packages_above_depth=None, packages_end=None, packages_ignore=None, packages_ignore_regex=None, packages_select=None, packages_select_build_failed=False, packages_select_by_dep=None, packages_select_regex=None, packages_select_test_failures=False, packages_skip=None, packages_skip_build_finished=False, packages_skip_by_dep=None, packages_skip_regex=None, packages_skip_test_passed=False, packages_skip_up_to=None, packages_start=None, packages_up_to=None, packages_up_to_regex=None, parallel_workers=2, paths=None, symlink_install=True, test_result_base=None, verb_extension=<colcon_core.verb.build.BuildVerb object at 0x7f7fccd4ed30>, verb_name='build', verb_parser=<colcon_defaults.argument_parser.defaults.DefaultArgumentsDecorator object at 0x7f7fcccdb2e0>)
[0.248s] Level 1:colcon.colcon_core.package_discovery:discover_packages(colcon_meta) check parameters
[0.248s] Level 1:colcon.colcon_core.package_discovery:discover_packages(recursive) check parameters
[0.248s] Level 1:colcon.colcon_core.package_discovery:discover_packages(ignore) check parameters
[0.248s] Level 1:colcon.colcon_core.package_discovery:discover_packages(path) check parameters
[0.248s] Level 1:colcon.colcon_core.package_discovery:discover_packages(colcon_meta) discover
[0.248s] Level 1:colcon.colcon_core.package_discovery:discover_packages(recursive) discover
[0.248s] INFO:colcon.colcon_core.package_discovery:Crawling recursively for packages in '/home/opsctoxic/ros2_ws'
[0.248s] Level 1:colcon.colcon_core.package_identification:_identify(.) by extensions ['ignore', 'ignore_ament_install']
[0.248s] Level 1:colcon.colcon_core.package_identification:_identify(.) by extension 'ignore'
[0.248s] Level 1:colcon.colcon_core.package_identification:_identify(.) by extension 'ignore_ament_install'
[0.248s] Level 1:colcon.colcon_core.package_identification:_identify(.) by extensions ['colcon_pkg']
[0.248s] Level 1:colcon.colcon_core.package_identification:_identify(.) by extension 'colcon_pkg'
[0.249s] Level 1:colcon.colcon_core.package_identification:_identify(.) by extensions ['colcon_meta']
[0.249s] Level 1:colcon.colcon_core.package_identification:_identify(.) by extension 'colcon_meta'
[0.249s] Level 1:colcon.colcon_core.package_identification:_identify(.) by extensions ['ros']
[0.249s] Level 1:colcon.colcon_core.package_identification:_identify(.) by extension 'ros'
[0.271s] Level 1:colcon.colcon_core.package_identification:_identify(.) by extensions ['cmake', 'python']
[0.271s] Level 1:colcon.colcon_core.package_identification:_identify(.) by extension 'cmake'
[0.271s] Level 1:colcon.colcon_core.package_identification:_identify(.) by extension 'python'
[0.271s] Level 1:colcon.colcon_core.package_identification:_identify(.) by extensions ['python_setup_py']
[0.271s] Level 1:colcon.colcon_core.package_identification:_identify(.) by extension 'python_setup_py'
[0.272s] Level 1:colcon.colcon_core.package_identification:_identify(build) by extensions ['ignore', 'ignore_ament_install']
[0.272s] Level 1:colcon.colcon_core.package_identification:_identify(build) by extension 'ignore'
[0.272s] Level 1:colcon.colcon_core.package_identification:_identify(build) ignored
[0.272s] Level 1:colcon.colcon_core.package_identification:_identify(install) by extensions ['ignore', 'ignore_ament_install']
[0.272s] Level 1:colcon.colcon_core.package_identification:_identify(install) by extension 'ignore'
[0.272s] Level 1:colcon.colcon_core.package_identification:_identify(install) ignored
[0.272s] Level 1:colcon.colcon_core.package_identification:_identify(log) by extensions ['ignore', 'ignore_ament_install']
[0.272s] Level 1:colcon.colcon_core.package_identification:_identify(log) by extension 'ignore'
[0.272s] Level 1:colcon.colcon_core.package_identification:_identify(log) ignored
[0.272s] Level 1:colcon.colcon_core.package_identification:_identify(src) by extensions ['ignore', 'ignore_ament_install']
[0.272s] Level 1:colcon.colcon_core.package_identification:_identify(src) by extension 'ignore'
[0.272s] Level 1:colcon.colcon_core.package_identification:_identify(src) by extension 'ignore_ament_install'
[0.272s] Level 1:colcon.colcon_core.package_identification:_identify(src) by extensions ['colcon_pkg']
[0.272s] Level 1:colcon.colcon_core.package_identification:_identify(src) by extension 'colcon_pkg'
[0.272s] Level 1:colcon.colcon_core.package_identification:_identify(src) by extensions ['colcon_meta']
[0.272s] Level 1:colcon.colcon_core.package_identification:_identify(src) by extension 'colcon_meta'
[0.272s] Level 1:colcon.colcon_core.package_identification:_identify(src) by extensions ['ros']
[0.272s] Level 1:colcon.colcon_core.package_identification:_identify(src) by extension 'ros'
[0.272s] Level 1:colcon.colcon_core.package_identification:_identify(src) by extensions ['cmake', 'python']
[0.272s] Level 1:colcon.colcon_core.package_identification:_identify(src) by extension 'cmake'
[0.272s] Level 1:colcon.colcon_core.package_identification:_identify(src) by extension 'python'
[0.272s] Level 1:colcon.colcon_core.package_identification:_identify(src) by extensions ['python_setup_py']
[0.272s] Level 1:colcon.colcon_core.package_identification:_identify(src) by extension 'python_setup_py'
[0.272s] Level 1:colcon.colcon_core.package_identification:_identify(src/build) by extensions ['ignore', 'ignore_ament_install']
[0.273s] Level 1:colcon.colcon_core.package_identification:_identify(src/build) by extension 'ignore'
[0.273s] Level 1:colcon.colcon_core.package_identification:_identify(src/build) ignored
[0.273s] Level 1:colcon.colcon_core.package_identification:_identify(src/install) by extensions ['ignore', 'ignore_ament_install']
[0.273s] Level 1:colcon.colcon_core.package_identification:_identify(src/install) by extension 'ignore'
[0.273s] Level 1:colcon.colcon_core.package_identification:_identify(src/install) ignored
[0.273s] Level 1:colcon.colcon_core.package_identification:_identify(src/log) by extensions ['ignore', 'ignore_ament_install']
[0.273s] Level 1:colcon.colcon_core.package_identification:_identify(src/log) by extension 'ignore'
[0.273s] Level 1:colcon.colcon_core.package_identification:_identify(src/log) ignored
[0.273s] Level 1:colcon.colcon_core.package_identification:_identify(src/my_robot_controller) by extensions ['ignore', 'ignore_ament_install']
[0.273s] Level 1:colcon.colcon_core.package_identification:_identify(src/my_robot_controller) by extension 'ignore'
[0.273s] Level 1:colcon.colcon_core.package_identification:_identify(src/my_robot_controller) by extension 'ignore_ament_install'
[0.273s] Level 1:colcon.colcon_core.package_identification:_identify(src/my_robot_controller) by extensions ['colcon_pkg']
[0.273s] Level 1:colcon.colcon_core.package_identification:_identify(src/my_robot_controller) by extension 'colcon_pkg'
[0.273s] Level 1:colcon.colcon_core.package_identification:_identify(src/my_robot_controller) by extensions ['colcon_meta']
[0.273s] Level 1:colcon.colcon_core.package_identification:_identify(src/my_robot_controller) by extension 'colcon_meta'
[0.273s] Level 1:colcon.colcon_core.package_identification:_identify(src/my_robot_controller) by extensions ['ros']
[0.273s] Level 1:colcon.colcon_core.package_identification:_identify(src/my_robot_controller) by extension 'ros'
[0.275s] DEBUG:colcon.colcon_core.package_identification:Package 'src/my_robot_controller' with type 'ros.ament_python' and name 'my_robot_controller'
[0.275s] Level 1:colcon.colcon_core.package_discovery:discover_packages(recursive) using defaults
[0.275s] Level 1:colcon.colcon_core.package_discovery:discover_packages(ignore) discover
[0.275s] Level 1:colcon.colcon_core.package_discovery:discover_packages(ignore) using defaults
[0.275s] Level 1:colcon.colcon_core.package_discovery:discover_packages(path) discover
[0.275s] Level 1:colcon.colcon_core.package_discovery:discover_packages(path) using defaults
[0.290s] Level 1:colcon.colcon_core.package_discovery:discover_packages(prefix_path) check parameters
[0.291s] Level 1:colcon.colcon_core.package_discovery:discover_packages(prefix_path) discover
[0.297s] DEBUG:colcon.colcon_installed_package_information.package_discovery:Found 1 installed packages in /home/opsctoxic/ros2_ws/install
[0.298s] DEBUG:colcon.colcon_installed_package_information.package_discovery:Found 256 installed packages in /opt/ros/foxy
[0.299s] Level 1:colcon.colcon_core.package_discovery:discover_packages(prefix_path) using defaults
[0.378s] Level 5:colcon.colcon_core.verb:set package 'my_robot_controller' build argument 'cmake_args' from command line to 'None'
[0.378s] Level 5:colcon.colcon_core.verb:set package 'my_robot_controller' build argument 'cmake_target' from command line to 'None'
[0.378s] Level 5:colcon.colcon_core.verb:set package 'my_robot_controller' build argument 'cmake_target_skip_unavailable' from command line to 'False'
[0.379s] Level 5:colcon.colcon_core.verb:set package 'my_robot_controller' build argument 'cmake_clean_cache' from command line to 'False'
[0.379s] Level 5:colcon.colcon_core.verb:set package 'my_robot_controller' build argument 'cmake_clean_first' from command line to 'False'
[0.379s] Level 5:colcon.colcon_core.verb:set package 'my_robot_controller' build argument 'cmake_force_configure' from command line to 'False'
[0.379s] Level 5:colcon.colcon_core.verb:set package 'my_robot_controller' build argument 'ament_cmake_args' from command line to 'None'
[0.379s] Level 5:colcon.colcon_core.verb:set package 'my_robot_controller' build argument 'catkin_cmake_args' from command line to 'None'
[0.379s] Level 5:colcon.colcon_core.verb:set package 'my_robot_controller' build argument 'catkin_skip_building_tests' from command line to 'False'
[0.379s] DEBUG:colcon.colcon_core.verb:Building package 'my_robot_controller' with the following arguments: {'ament_cmake_args': None, 'build_base': '/home/opsctoxic/ros2_ws/build/my_robot_controller', 'catkin_cmake_args': None, 'catkin_skip_building_tests': False, 'cmake_args': None, 'cmake_clean_cache': False, 'cmake_clean_first': False, 'cmake_force_configure': False, 'cmake_target': None, 'cmake_target_skip_unavailable': False, 'install_base': '/home/opsctoxic/ros2_ws/install/my_robot_controller', 'merge_install': False, 'path': '/home/opsctoxic/ros2_ws/src/my_robot_controller', 'symlink_install': True, 'test_result_base': None}
[0.379s] INFO:colcon.colcon_core.executor:Executing jobs using 'parallel' executor
[0.382s] DEBUG:colcon.colcon_parallel_executor.executor.parallel:run_until_complete
[0.383s] INFO:colcon.colcon_ros.task.ament_python.build:Building ROS package in '/home/opsctoxic/ros2_ws/src/my_robot_controller' with build type 'ament_python'
[0.383s] Level 1:colcon.colcon_core.shell:create_environment_hook('my_robot_controller', 'ament_prefix_path')
[0.391s] INFO:colcon.colcon_core.plugin_system:Skipping extension 'colcon_core.shell.bat': Not used on non-Windows systems
[0.391s] INFO:colcon.colcon_core.shell:Creating environment hook '/home/opsctoxic/ros2_ws/install/my_robot_controller/share/my_robot_controller/hook/ament_prefix_path.ps1'
[0.392s] INFO:colcon.colcon_core.shell:Creating environment descriptor '/home/opsctoxic/ros2_ws/install/my_robot_controller/share/my_robot_controller/hook/ament_prefix_path.dsv'
[0.393s] INFO:colcon.colcon_core.shell:Creating environment hook '/home/opsctoxic/ros2_ws/install/my_robot_controller/share/my_robot_controller/hook/ament_prefix_path.sh'
[0.397s] INFO:colcon.colcon_core.shell:Skip shell extension 'powershell' for command environment: Not usable outside of PowerShell
[0.397s] DEBUG:colcon.colcon_core.shell:Skip shell extension 'dsv' for command environment
[0.601s] INFO:colcon.colcon_core.task.python.build:Building Python package in '/home/opsctoxic/ros2_ws/src/my_robot_controller'
[0.602s] INFO:colcon.colcon_core.shell:Skip shell extension 'powershell' for command environment: Not usable outside of PowerShell
[0.602s] DEBUG:colcon.colcon_core.shell:Skip shell extension 'dsv' for command environment
[1.023s] DEBUG:colcon.colcon_core.event_handler.log_command:Invoking command in '/home/opsctoxic/ros2_ws/build/my_robot_controller': PYTHONPATH=/home/opsctoxic/ros2_ws/build/my_robot_controller/prefix_override:/home/opsctoxic/ros2_ws/install/my_robot_controller/lib/python3.8/site-packages:${PYTHONPATH} /usr/bin/python3 setup.py develop --editable --build-directory /home/opsctoxic/ros2_ws/build/my_robot_controller/build --no-deps install_data
[1.419s] Level 1:colcon.colcon_core.shell:create_environment_hook('my_robot_controller', 'pythonpath_develop')
[1.420s] INFO:colcon.colcon_core.shell:Creating environment hook '/home/opsctoxic/ros2_ws/build/my_robot_controller/share/my_robot_controller/hook/pythonpath_develop.ps1'
[1.422s] DEBUG:colcon.colcon_core.event_handler.log_command:Invoked command in '/home/opsctoxic/ros2_ws/build/my_robot_controller' returned '0': PYTHONPATH=/home/opsctoxic/ros2_ws/build/my_robot_controller/prefix_override:/home/opsctoxic/ros2_ws/install/my_robot_controller/lib/python3.8/site-packages:${PYTHONPATH} /usr/bin/python3 setup.py develop --editable --build-directory /home/opsctoxic/ros2_ws/build/my_robot_controller/build --no-deps install_data
[1.423s] INFO:colcon.colcon_core.shell:Creating environment descriptor '/home/opsctoxic/ros2_ws/build/my_robot_controller/share/my_robot_controller/hook/pythonpath_develop.dsv'
[1.423s] INFO:colcon.colcon_core.shell:Creating environment hook '/home/opsctoxic/ros2_ws/build/my_robot_controller/share/my_robot_controller/hook/pythonpath_develop.sh'
[1.438s] Level 1:colcon.colcon_core.environment:checking '/home/opsctoxic/ros2_ws/install/my_robot_controller' for CMake module files
[1.438s] Level 1:colcon.colcon_core.environment:checking '/home/opsctoxic/ros2_ws/install/my_robot_controller' for CMake config files
[1.439s] Level 1:colcon.colcon_core.environment:checking '/home/opsctoxic/ros2_ws/install/my_robot_controller/lib'
[1.439s] Level 1:colcon.colcon_core.environment:checking '/home/opsctoxic/ros2_ws/install/my_robot_controller/bin'
[1.439s] Level 1:colcon.colcon_core.environment:checking '/home/opsctoxic/ros2_ws/install/my_robot_controller/lib/pkgconfig/my_robot_controller.pc'
[1.440s] Level 1:colcon.colcon_core.environment:checking '/home/opsctoxic/ros2_ws/install/my_robot_controller/lib/python3.8/site-packages'
[1.440s] Level 1:colcon.colcon_core.shell:create_environment_hook('my_robot_controller', 'pythonpath')
[1.441s] INFO:colcon.colcon_core.shell:Creating environment hook '/home/opsctoxic/ros2_ws/install/my_robot_controller/share/my_robot_controller/hook/pythonpath.ps1'
[1.442s] INFO:colcon.colcon_core.shell:Creating environment descriptor '/home/opsctoxic/ros2_ws/install/my_robot_controller/share/my_robot_controller/hook/pythonpath.dsv'
[1.442s] INFO:colcon.colcon_core.shell:Creating environment hook '/home/opsctoxic/ros2_ws/install/my_robot_controller/share/my_robot_controller/hook/pythonpath.sh'
[1.443s] Level 1:colcon.colcon_core.environment:checking '/home/opsctoxic/ros2_ws/install/my_robot_controller/bin'
[1.443s] Level 1:colcon.colcon_core.environment:create_environment_scripts_only(my_robot_controller)
[1.445s] INFO:colcon.colcon_core.shell:Creating package script '/home/opsctoxic/ros2_ws/install/my_robot_controller/share/my_robot_controller/package.ps1'
[1.447s] INFO:colcon.colcon_core.shell:Creating package descriptor '/home/opsctoxic/ros2_ws/install/my_robot_controller/share/my_robot_controller/package.dsv'
[1.448s] INFO:colcon.colcon_core.shell:Creating package script '/home/opsctoxic/ros2_ws/install/my_robot_controller/share/my_robot_controller/package.sh'
[1.449s] INFO:colcon.colcon_core.shell:Creating package script '/home/opsctoxic/ros2_ws/install/my_robot_controller/share/my_robot_controller/package.bash'
[1.450s] INFO:colcon.colcon_core.shell:Creating package script '/home/opsctoxic/ros2_ws/install/my_robot_controller/share/my_robot_controller/package.zsh'
[1.451s] Level 1:colcon.colcon_core.environment:create_file_with_runtime_dependencies(/home/opsctoxic/ros2_ws/install/my_robot_controller/share/colcon-core/packages/my_robot_controller)
[1.453s] DEBUG:colcon.colcon_parallel_executor.executor.parallel:closing loop
[1.453s] DEBUG:colcon.colcon_parallel_executor.executor.parallel:loop closed
[1.453s] DEBUG:colcon.colcon_parallel_executor.executor.parallel:run_until_complete finished with '0'
[1.453s] DEBUG:colcon.colcon_core.event_reactor:joining thread
[1.461s] INFO:colcon.colcon_core.plugin_system:Skipping extension 'colcon_notification.desktop_notification.terminal_notifier': Not used on non-Darwin systems
[1.461s] INFO:colcon.colcon_core.plugin_system:Skipping extension 'colcon_notification.desktop_notification.win32': Not used on non-Windows systems
[1.461s] INFO:colcon.colcon_notification.desktop_notification:Sending desktop notification using 'notify2'
[1.577s] DEBUG:colcon.colcon_core.event_reactor:joined thread
[1.578s] INFO:colcon.colcon_core.shell:Creating prefix script '/home/opsctoxic/ros2_ws/install/local_setup.ps1'
[1.581s] INFO:colcon.colcon_core.shell:Creating prefix util module '/home/opsctoxic/ros2_ws/install/_local_setup_util_ps1.py'
[1.583s] INFO:colcon.colcon_core.shell:Creating prefix chain script '/home/opsctoxic/ros2_ws/install/setup.ps1'
[1.587s] INFO:colcon.colcon_core.shell:Creating prefix script '/home/opsctoxic/ros2_ws/install/local_setup.sh'
[1.589s] INFO:colcon.colcon_core.shell:Creating prefix util module '/home/opsctoxic/ros2_ws/install/_local_setup_util_sh.py'
[1.590s] INFO:colcon.colcon_core.shell:Creating prefix chain script '/home/opsctoxic/ros2_ws/install/setup.sh'
[1.597s] INFO:colcon.colcon_core.shell:Creating prefix script '/home/opsctoxic/ros2_ws/install/local_setup.bash'
[1.598s] INFO:colcon.colcon_core.shell:Creating prefix chain script '/home/opsctoxic/ros2_ws/install/setup.bash'
[1.601s] INFO:colcon.colcon_core.shell:Creating prefix script '/home/opsctoxic/ros2_ws/install/local_setup.zsh'
[1.602s] INFO:colcon.colcon_core.shell:Creating prefix chain script '/home/opsctoxic/ros2_ws/install/setup.zsh'
