[0.696s] Invoking command in '/home/opsctoxic/ros2_ws/src/my_robot_controller': PYTHONPATH=/home/opsctoxic/ros2_ws/src/build/my_robot_controller/prefix_override:/home/opsctoxic/ros2_ws/src/install/my_robot_controller/lib/python3.8/site-packages:${PYTHONPATH} /usr/bin/python3 setup.py egg_info --egg-base ../build/my_robot_controller build --build-base /home/opsctoxic/ros2_ws/src/build/my_robot_controller/build install --record /home/opsctoxic/ros2_ws/src/build/my_robot_controller/install.log --install-scripts $base/lib/my_robot_controller --single-version-externally-managed
[0.885s] running egg_info
[0.887s] creating ../build/my_robot_controller/my_robot_controller.egg-info
[0.887s] writing ../build/my_robot_controller/my_robot_controller.egg-info/PKG-INFO
[0.887s] writing dependency_links to ../build/my_robot_controller/my_robot_controller.egg-info/dependency_links.txt
[0.887s] writing entry points to ../build/my_robot_controller/my_robot_controller.egg-info/entry_points.txt
[0.887s] writing requirements to ../build/my_robot_controller/my_robot_controller.egg-info/requires.txt
[0.887s] writing top-level names to ../build/my_robot_controller/my_robot_controller.egg-info/top_level.txt
[0.889s] writing manifest file '../build/my_robot_controller/my_robot_controller.egg-info/SOURCES.txt'
[0.921s] reading manifest file '../build/my_robot_controller/my_robot_controller.egg-info/SOURCES.txt'
[0.922s] writing manifest file '../build/my_robot_controller/my_robot_controller.egg-info/SOURCES.txt'
[0.923s] running build
[0.923s] running build_py
[0.923s] creating /home/opsctoxic/ros2_ws/src/build/my_robot_controller/build
[0.923s] creating /home/opsctoxic/ros2_ws/src/build/my_robot_controller/build/lib
[0.924s] creating /home/opsctoxic/ros2_ws/src/build/my_robot_controller/build/lib/my_robot_controller
[0.924s] copying my_robot_controller/my_first_node.py -> /home/opsctoxic/ros2_ws/src/build/my_robot_controller/build/lib/my_robot_controller
[0.924s] copying my_robot_controller/__init__.py -> /home/opsctoxic/ros2_ws/src/build/my_robot_controller/build/lib/my_robot_controller
[0.924s] running install
[0.925s] running install_lib
[0.926s] creating /home/opsctoxic/ros2_ws/src/install/my_robot_controller/lib/python3.8/site-packages/my_robot_controller
[0.926s] copying /home/opsctoxic/ros2_ws/src/build/my_robot_controller/build/lib/my_robot_controller/my_first_node.py -> /home/opsctoxic/ros2_ws/src/install/my_robot_controller/lib/python3.8/site-packages/my_robot_controller
[0.926s] copying /home/opsctoxic/ros2_ws/src/build/my_robot_controller/build/lib/my_robot_controller/__init__.py -> /home/opsctoxic/ros2_ws/src/install/my_robot_controller/lib/python3.8/site-packages/my_robot_controller
[0.927s] byte-compiling /home/opsctoxic/ros2_ws/src/install/my_robot_controller/lib/python3.8/site-packages/my_robot_controller/my_first_node.py to my_first_node.cpython-38.pyc
[0.928s] byte-compiling /home/opsctoxic/ros2_ws/src/install/my_robot_controller/lib/python3.8/site-packages/my_robot_controller/__init__.py to __init__.cpython-38.pyc
[0.928s] running install_data
[0.929s] creating /home/opsctoxic/ros2_ws/src/install/my_robot_controller/share/ament_index
[0.929s] creating /home/opsctoxic/ros2_ws/src/install/my_robot_controller/share/ament_index/resource_index
[0.929s] creating /home/opsctoxic/ros2_ws/src/install/my_robot_controller/share/ament_index/resource_index/packages
[0.930s] copying resource/my_robot_controller -> /home/opsctoxic/ros2_ws/src/install/my_robot_controller/share/ament_index/resource_index/packages
[0.930s] copying package.xml -> /home/opsctoxic/ros2_ws/src/install/my_robot_controller/share/my_robot_controller
[0.930s] running install_egg_info
[0.931s] Copying ../build/my_robot_controller/my_robot_controller.egg-info to /home/opsctoxic/ros2_ws/src/install/my_robot_controller/lib/python3.8/site-packages/my_robot_controller-0.0.0-py3.8.egg-info
[0.933s] running install_scripts
[0.956s] Installing test_node script to /home/opsctoxic/ros2_ws/src/install/my_robot_controller/lib/my_robot_controller
[0.956s] writing list of installed files to '/home/opsctoxic/ros2_ws/src/build/my_robot_controller/install.log'
[1.014s] Invoked command in '/home/opsctoxic/ros2_ws/src/my_robot_controller' returned '0': PYTHONPATH=/home/opsctoxic/ros2_ws/src/build/my_robot_controller/prefix_override:/home/opsctoxic/ros2_ws/src/install/my_robot_controller/lib/python3.8/site-packages:${PYTHONPATH} /usr/bin/python3 setup.py egg_info --egg-base ../build/my_robot_controller build --build-base /home/opsctoxic/ros2_ws/src/build/my_robot_controller/build install --record /home/opsctoxic/ros2_ws/src/build/my_robot_controller/install.log --install-scripts $base/lib/my_robot_controller --single-version-externally-managed
