[0.536s] Invoking command in '/home/opsctoxic/ros2_ws/src/build/my_robot_controller': PYTHONPATH=/home/opsctoxic/ros2_ws/src/build/my_robot_controller/prefix_override:/home/opsctoxic/ros2_ws/src/install/my_robot_controller/lib/python3.8/site-packages:${PYTHONPATH} /usr/bin/python3 setup.py develop --editable --build-directory /home/opsctoxic/ros2_ws/src/build/my_robot_controller/build --no-deps install_data
[0.733s] running develop
[0.831s] running egg_info
[0.831s] writing my_robot_controller.egg-info/PKG-INFO
[0.831s] writing dependency_links to my_robot_controller.egg-info/dependency_links.txt
[0.834s] writing entry points to my_robot_controller.egg-info/entry_points.txt
[0.834s] writing requirements to my_robot_controller.egg-info/requires.txt
[0.834s] writing top-level names to my_robot_controller.egg-info/top_level.txt
[0.867s] reading manifest file 'my_robot_controller.egg-info/SOURCES.txt'
[0.868s] writing manifest file 'my_robot_controller.egg-info/SOURCES.txt'
[0.893s] running build_ext
[0.893s] Creating /home/opsctoxic/ros2_ws/src/install/my_robot_controller/lib/python3.8/site-packages/site.py
[0.895s] Creating /home/opsctoxic/ros2_ws/src/install/my_robot_controller/lib/python3.8/site-packages/my-robot-controller.egg-link (link to .)
[0.896s] Installing draw_circle script to /home/opsctoxic/ros2_ws/src/install/my_robot_controller/lib/my_robot_controller
[0.897s] Installing pose_subscriber script to /home/opsctoxic/ros2_ws/src/install/my_robot_controller/lib/my_robot_controller
[0.897s] Installing test_node script to /home/opsctoxic/ros2_ws/src/install/my_robot_controller/lib/my_robot_controller
[0.897s] Installing turtle_controller script to /home/opsctoxic/ros2_ws/src/install/my_robot_controller/lib/my_robot_controller
[0.897s] 
[0.898s] Installed /home/opsctoxic/ros2_ws/src/build/my_robot_controller
[0.898s] running install_data
[0.898s] copying package.xml -> /home/opsctoxic/ros2_ws/src/install/my_robot_controller/share/my_robot_controller
[0.936s] Invoked command in '/home/opsctoxic/ros2_ws/src/build/my_robot_controller' returned '0': PYTHONPATH=/home/opsctoxic/ros2_ws/src/build/my_robot_controller/prefix_override:/home/opsctoxic/ros2_ws/src/install/my_robot_controller/lib/python3.8/site-packages:${PYTHONPATH} /usr/bin/python3 setup.py develop --editable --build-directory /home/opsctoxic/ros2_ws/src/build/my_robot_controller/build --no-deps install_data
