[0.582s] Invoking command in '/home/opsctoxic/ros2_ws/src/my_robot_controller': PYTHONPATH=/home/opsctoxic/ros2_ws/build/my_robot_controller/prefix_override:/home/opsctoxic/ros2_ws/install/my_robot_controller/lib/python3.8/site-packages:${PYTHONPATH} /usr/bin/python3 setup.py egg_info --egg-base ../../build/my_robot_controller build --build-base /home/opsctoxic/ros2_ws/build/my_robot_controller/build install --record /home/opsctoxic/ros2_ws/build/my_robot_controller/install.log --install-scripts $base/lib/my_robot_controller --single-version-externally-managed
[0.757s] running egg_info
[0.758s] creating ../../build/my_robot_controller/my_robot_controller.egg-info
[0.758s] writing ../../build/my_robot_controller/my_robot_controller.egg-info/PKG-INFO
[0.759s] writing dependency_links to ../../build/my_robot_controller/my_robot_controller.egg-info/dependency_links.txt
[0.759s] writing entry points to ../../build/my_robot_controller/my_robot_controller.egg-info/entry_points.txt
[0.759s] writing requirements to ../../build/my_robot_controller/my_robot_controller.egg-info/requires.txt
[0.760s] writing top-level names to ../../build/my_robot_controller/my_robot_controller.egg-info/top_level.txt
[0.761s] writing manifest file '../../build/my_robot_controller/my_robot_controller.egg-info/SOURCES.txt'
[0.793s] reading manifest file '../../build/my_robot_controller/my_robot_controller.egg-info/SOURCES.txt'
[0.794s] writing manifest file '../../build/my_robot_controller/my_robot_controller.egg-info/SOURCES.txt'
[0.794s] running build
[0.795s] running build_py
[0.795s] creating /home/opsctoxic/ros2_ws/build/my_robot_controller/build
[0.795s] creating /home/opsctoxic/ros2_ws/build/my_robot_controller/build/lib
[0.795s] creating /home/opsctoxic/ros2_ws/build/my_robot_controller/build/lib/my_robot_controller
[0.796s] copying my_robot_controller/__init__.py -> /home/opsctoxic/ros2_ws/build/my_robot_controller/build/lib/my_robot_controller
[0.796s] running install
[0.797s] running install_lib
[0.799s] creating /home/opsctoxic/ros2_ws/install/my_robot_controller/lib/python3.8/site-packages/my_robot_controller
[0.799s] copying /home/opsctoxic/ros2_ws/build/my_robot_controller/build/lib/my_robot_controller/__init__.py -> /home/opsctoxic/ros2_ws/install/my_robot_controller/lib/python3.8/site-packages/my_robot_controller
[0.800s] byte-compiling /home/opsctoxic/ros2_ws/install/my_robot_controller/lib/python3.8/site-packages/my_robot_controller/__init__.py to __init__.cpython-38.pyc
[0.802s] running install_data
[0.803s] creating /home/opsctoxic/ros2_ws/install/my_robot_controller/share/ament_index
[0.803s] creating /home/opsctoxic/ros2_ws/install/my_robot_controller/share/ament_index/resource_index
[0.804s] creating /home/opsctoxic/ros2_ws/install/my_robot_controller/share/ament_index/resource_index/packages
[0.804s] copying resource/my_robot_controller -> /home/opsctoxic/ros2_ws/install/my_robot_controller/share/ament_index/resource_index/packages
[0.804s] copying package.xml -> /home/opsctoxic/ros2_ws/install/my_robot_controller/share/my_robot_controller
[0.805s] running install_egg_info
[0.807s] Copying ../../build/my_robot_controller/my_robot_controller.egg-info to /home/opsctoxic/ros2_ws/install/my_robot_controller/lib/python3.8/site-packages/my_robot_controller-0.0.0-py3.8.egg-info
[0.810s] running install_scripts
[0.826s] writing list of installed files to '/home/opsctoxic/ros2_ws/build/my_robot_controller/install.log'
[0.860s] Invoked command in '/home/opsctoxic/ros2_ws/src/my_robot_controller' returned '0': PYTHONPATH=/home/opsctoxic/ros2_ws/build/my_robot_controller/prefix_override:/home/opsctoxic/ros2_ws/install/my_robot_controller/lib/python3.8/site-packages:${PYTHONPATH} /usr/bin/python3 setup.py egg_info --egg-base ../../build/my_robot_controller build --build-base /home/opsctoxic/ros2_ws/build/my_robot_controller/build install --record /home/opsctoxic/ros2_ws/build/my_robot_controller/install.log --install-scripts $base/lib/my_robot_controller --single-version-externally-managed
